<?xml version="1.0" encoding="UTF-8"?>
<testsuite name="TestSuite" time="53.066" tests="17" errors="0" skipped="0" failures="2">
  <properties>
[...]
</properties>
  <testcase name="testBadContactCreation" classname="ru.maistrenko.addressbook.test.ContactCreationTests" time="4.226"/>
  <testcase name="testContactCreation" classname="ru.maistrenko.addressbook.test.ContactCreationTests" time="3.735"/>
  <testcase name="testContactCreation" classname="ru.maistrenko.addressbook.test.ContactCreationTests" time="3.326"/>
  <testcase name="testContactCreation" classname="ru.maistrenko.addressbook.test.ContactCreationTests" time="3.465"/>
  <testcase name="testContactModification" classname="ru.maistrenko.addressbook.test.ContactModificationTests" time="4.348">
    <failure message="&#10;Expected: &lt;[ContactData{firstName=&apos;First 0&apos;, lastName=&apos;Last 0&apos;, id=153}, ContactData{firstName=&apos;First 1&apos;, lastName=&apos;Last 1&apos;, id=154}, ContactData{firstName=&apos;First 2&apos;, lastName=&apos;Last 2&apos;, id=155}, ContactData{firstName=&apos;First&apos;, lastName=&apos;Last&apos;, id=152}, ContactData{firstName=&apos;modified&apos;, lastName=&apos;test3&apos;, id=151}, ContactData{firstName=&apos;modified&apos;, lastName=&apos;test3&apos;, id=150}]&gt;&#10;     but: was &lt;[ContactData{firstName=&apos;First 0&apos;, lastName=&apos;Last 0&apos;, id=151}, ContactData{firstName=&apos;modified&apos;, lastName=&apos;test3&apos;, id=152}, ContactData{firstName=&apos;First 0&apos;, lastName=&apos;Last 0&apos;, id=153}, ContactData{firstName=&apos;First 1&apos;, lastName=&apos;Last 1&apos;, id=154}, ContactData{firstName=&apos;First 2&apos;, lastName=&apos;Last 2&apos;, id=155}, ContactData{firstName=&apos;modified&apos;, lastName=&apos;test3&apos;, id=150}]&gt;" type="java.lang.AssertionError"><![CDATA[java.lang.AssertionError: 
Expected: <[ContactData{firstName='First 0', lastName='Last 0', id=153}, ContactData{firstName='First 1', lastName='Last 1', id=154}, ContactData{firstName='First 2', lastName='Last 2', id=155}, ContactData{firstName='First', lastName='Last', id=152}, ContactData{firstName='modified', lastName='test3', id=151}, ContactData{firstName='modified', lastName='test3', id=150}]>
     but: was <[ContactData{firstName='First 0', lastName='Last 0', id=151}, ContactData{firstName='modified', lastName='test3', id=152}, ContactData{firstName='First 0', lastName='Last 0', id=153}, ContactData{firstName='First 1', lastName='Last 1', id=154}, ContactData{firstName='First 2', lastName='Last 2', id=155}, ContactData{firstName='modified', lastName='test3', id=150}]>
	at org.hamcrest.MatcherAssert.assertThat(MatcherAssert.java:20)
	at org.hamcrest.MatcherAssert.assertThat(MatcherAssert.java:8)
	at ru.maistrenko.addressbook.test.ContactModificationTests.testContactModification(ContactModificationTests.java:46)
]]></failure>
  </testcase>
  <testcase name="testContactPhone" classname="ru.maistrenko.addressbook.test.ContactPhoneTests" time="0.432"/>
  <testcase name="testDetailsContactDetails" classname="ru.maistrenko.addressbook.test.ContactDetailsTests" time="1.112">
    <failure message="no such element: Unable to locate element: {&quot;method&quot;:&quot;css selector&quot;,&quot;selector&quot;:&quot;a[href=&apos;view.php?id=151&apos;]&quot;}&#10;  (Session info: chrome=63.0.3239.132)&#10;  (Driver info: chromedriver=2.34.522940 (1a76f96f66e3ca7b8e57d503b4dd3bccfba87af1),platform=Windows NT 10.0.16299 x86_64) (WARNING: The server did not provide any stacktrace information)&#10;Command duration or timeout: 1.04 seconds&#10;For documentation on this error, please visit: http://seleniumhq.org/exceptions/no_such_element.html&#10;Build info: version: &apos;3.4.0&apos;, revision: &apos;unknown&apos;, time: &apos;unknown&apos;&#10;System info: host: &apos;LAPTOP-M7LJD1LD&apos;, ip: &apos;192.168.1.106&apos;, os.name: &apos;Windows 10&apos;, os.arch: &apos;amd64&apos;, os.version: &apos;10.0&apos;, java.version: &apos;1.8.0_121&apos;&#10;Driver info: org.openqa.selenium.chrome.ChromeDriver&#10;Capabilities [{applicationCacheEnabled=false, rotatable=false, mobileEmulationEnabled=false, networkConnectionEnabled=false, chrome={chromedriverVersion=2.34.522940 (1a76f96f66e3ca7b8e57d503b4dd3bccfba87af1), userDataDir=C:\Users\User\AppData\Local\Temp\scoped_dir8016_5054}, takesHeapSnapshot=true, pageLoadStrategy=normal, databaseEnabled=false, handlesAlerts=true, hasTouchScreen=false, version=63.0.3239.132, platform=XP, browserConnectionEnabled=false, nativeEvents=true, acceptSslCerts=true, locationContextEnabled=true, webStorageEnabled=true, browserName=chrome, takesScreenshot=true, javascriptEnabled=true, cssSelectorsEnabled=true, setWindowRect=true, unexpectedAlertBehaviour=}]&#10;Session ID: ddf1a52fc5a4a9b1a25935cfd449b385&#10;*** Element info: {Using=css selector, value=a[href=&apos;view.php?id=151&apos;]}" type="org.openqa.selenium.NoSuchElementException">org.openqa.selenium.NoSuchElementException: no such element: Unable to locate element: {"method":"css selector","selector":"a[href='view.php?id=151']"}
  (Session info: chrome=63.0.3239.132)
  (Driver info: chromedriver=2.34.522940 (1a76f96f66e3ca7b8e57d503b4dd3bccfba87af1),platform=Windows NT 10.0.16299 x86_64) (WARNING: The server did not provide any stacktrace information)
Command duration or timeout: 1.04 seconds
For documentation on this error, please visit: http://seleniumhq.org/exceptions/no_such_element.html
Build info: version: '3.4.0', revision: 'unknown', time: 'unknown'
System info: host: 'LAPTOP-M7LJD1LD', ip: '192.168.1.106', os.name: 'Windows 10', os.arch: 'amd64', os.version: '10.0', java.version: '1.8.0_121'
Driver info: org.openqa.selenium.chrome.ChromeDriver
Capabilities [{applicationCacheEnabled=false, rotatable=false, mobileEmulationEnabled=false, networkConnectionEnabled=false, chrome={chromedriverVersion=2.34.522940 (1a76f96f66e3ca7b8e57d503b4dd3bccfba87af1), userDataDir=C:\Users\User\AppData\Local\Temp\scoped_dir8016_5054}, takesHeapSnapshot=true, pageLoadStrategy=normal, databaseEnabled=false, handlesAlerts=true, hasTouchScreen=false, version=63.0.3239.132, platform=XP, browserConnectionEnabled=false, nativeEvents=true, acceptSslCerts=true, locationContextEnabled=true, webStorageEnabled=true, browserName=chrome, takesScreenshot=true, javascriptEnabled=true, cssSelectorsEnabled=true, setWindowRect=true, unexpectedAlertBehaviour=}]
Session ID: ddf1a52fc5a4a9b1a25935cfd449b385
*** Element info: {Using=css selector, value=a[href='view.php?id=151']}
	at sun.reflect.NativeConstructorAccessorImpl.newInstance0(Native Method)
	at sun.reflect.NativeConstructorAccessorImpl.newInstance(NativeConstructorAccessorImpl.java:62)
	at sun.reflect.DelegatingConstructorAccessorImpl.newInstance(DelegatingConstructorAccessorImpl.java:45)
	at java.lang.reflect.Constructor.newInstance(Constructor.java:423)
	at org.openqa.selenium.remote.ErrorHandler.createThrowable(ErrorHandler.java:215)
	at org.openqa.selenium.remote.ErrorHandler.throwIfResponseFailed(ErrorHandler.java:167)
	at org.openqa.selenium.remote.RemoteWebDriver.execute(RemoteWebDriver.java:671)
	at org.openqa.selenium.remote.RemoteWebDriver.findElement(RemoteWebDriver.java:410)
	at org.openqa.selenium.remote.RemoteWebDriver.findElementByCssSelector(RemoteWebDriver.java:501)
	at org.openqa.selenium.By$ByCssSelector.findElement(By.java:430)
	at org.openqa.selenium.remote.RemoteWebDriver.findElement(RemoteWebDriver.java:402)
	at ru.maistrenko.addressbook.appmanager.ContactHelper.initContactDetailsById(ContactHelper.java:174)
	at ru.maistrenko.addressbook.appmanager.ContactHelper.contactInfoFromDetailsForm(ContactHelper.java:156)
	at ru.maistrenko.addressbook.test.ContactDetailsTests.testDetailsContactDetails(ContactDetailsTests.java:27)
</failure>
  </testcase>
  <testcase name="testContactDeletion" classname="ru.maistrenko.addressbook.test.ContactDeletionTests" time="1.935"/>
  <testcase name="testBadGroupCreation" classname="ru.maistrenko.addressbook.test.GroupCreationTests" time="4.689"/>
  <testcase name="testGroupCreation" classname="ru.maistrenko.addressbook.test.GroupCreationTests" time="3.313"/>
  <testcase name="testGroupCreation" classname="ru.maistrenko.addressbook.test.GroupCreationTests" time="3.255"/>
  <testcase name="testGroupCreation" classname="ru.maistrenko.addressbook.test.GroupCreationTests" time="4.03"/>
  <testcase name="testGroupCreation" classname="ru.maistrenko.addressbook.test.GroupCreationTests" time="3.93"/>
  <testcase name="testGroupCreation" classname="ru.maistrenko.addressbook.test.GroupCreationTests" time="3.336"/>
  <testcase name="testGroupCreation" classname="ru.maistrenko.addressbook.test.GroupCreationTests" time="2.736"/>
  <testcase name="testGroupModification" classname="ru.maistrenko.addressbook.test.GroupModificationTests" time="3.046"/>
  <testcase name="testGroupDeletion" classname="ru.maistrenko.addressbook.test.GroupDeletionTests" time="2.152"/>
</testsuite>