<?xml version="1.0" encoding="UTF-8"?>
<!-- Generated by org.testng.reporters.JUnitXMLReporter -->
<testsuite hostname="LAPTOP-M7LJD1LD" ignored="4" name="Groups" tests="9" failures="0" timestamp="06 фев 2018 16:09:51 GMT" time="30.838" errors="0">
  <testcase name="testBadGroupCreation" time="4.691" classname="ru.maistrenko.addressbook.test.GroupCreationTests"/>
  <testcase name="testGroupCreation" time="3.313" classname="ru.maistrenko.addressbook.test.GroupCreationTests"/>
  <testcase name="testGroupCreation" time="3.254" classname="ru.maistrenko.addressbook.test.GroupCreationTests"/>
  <testcase name="testGroupCreation" time="4.03" classname="ru.maistrenko.addressbook.test.GroupCreationTests"/>
  <testcase name="testGroupCreation" time="3.93" classname="ru.maistrenko.addressbook.test.GroupCreationTests"/>
  <testcase name="testGroupCreation" time="3.336" classname="ru.maistrenko.addressbook.test.GroupCreationTests"/>
  <testcase name="testGroupCreation" time="2.736" classname="ru.maistrenko.addressbook.test.GroupCreationTests"/>
  <testcase name="testGroupModification" time="3.047" classname="ru.maistrenko.addressbook.test.GroupModificationTests"/>
  <testcase name="testGroupDeletion" time="2.153" classname="ru.maistrenko.addressbook.test.GroupDeletionTests"/>
  <testcase name="@BeforeSuite setUp" time="0.0" classname="ru.maistrenko.addressbook.test.TestBase">
    <ignored/>
  </testcase> <!-- @BeforeSuite setUp -->
  <testcase name="@BeforeSuite setUp" time="0.0" classname="ru.maistrenko.addressbook.test.TestBase">
    <ignored/>
  </testcase> <!-- @BeforeSuite setUp -->
  <testcase name="@AfterSuite tearDown" time="0.0" classname="ru.maistrenko.addressbook.test.TestBase">
    <ignored/>
  </testcase> <!-- @AfterSuite tearDown -->
  <testcase name="@AfterSuite tearDown" time="0.0" classname="ru.maistrenko.addressbook.test.TestBase">
    <ignored/>
  </testcase> <!-- @AfterSuite tearDown -->
</testsuite> <!-- Groups -->
